[about.html] nzoka-kivuva-favicon.webp: "Nzoka Kivuva Foundation Logo" → "Nzoka Kivuva Foundation nzoka kivuva favicon in Machakos County, Kenya"
[about.html] machakos-youth-football-program.webp: "Youth football training and community development programs supported by Nzoka Kivuva Foundation in Machakos County, Kenya" → "Nzoka Kivuva Foundation machakos youth football program in Machakos County, Kenya"
[about.html] advocate-nzoka-kivuva-founder.webp: "Advocate Nzoka Kivuva – Founder and Executive Director of Nzoka Kivuva Foundation" → "Nzoka Kivuva Foundation advocate nzoka kivuva founder in Machakos County, Kenya"
[about.html] advocate-nzoka-kivuva-board.webp: "Advocate Nzoka Kivuva – Executive Director and Founder of Nzoka Kivuva Foundation" → "Nzoka Kivuva Foundation advocate nzoka kivuva board in Machakos County, Kenya"
[about.html] sau-sanya-director-sports.webp: "Sau Sanya – Director of Grassroots Programs and Sports Development at Nzoka Kivuva Foundation" → "Nzoka Kivuva Foundation sau sanya director sports in Machakos County, Kenya"
[about.html] elizabeth-kalekye-education-director.webp: "Elizabeth Kalekye – Director of Educational Equity and Youth Mentorship at Nzoka Kivuva Foundation" → "Nzoka Kivuva Foundation elizabeth kalekye education director in Machakos County, Kenya"
[about.html] nzoka-kivuva-favicon.webp: "Nzoka Kivuva Foundation" → "Nzoka Kivuva Foundation nzoka kivuva favicon in Machakos County, Kenya"
[contact.html] nzoka-kivuva-favicon.webp: "Nzoka Kivuva Foundation Logo" → "Nzoka Kivuva Foundation nzoka kivuva favicon in Machakos County, Kenya"
[contact.html] nzoka-kivuva-favicon.webp: "Nzoka Kivuva Foundation" → "Nzoka Kivuva Foundation nzoka kivuva favicon in Machakos County, Kenya"
[gallery.html] nzoka-kivuva-favicon.webp: "Nzoka Kivuva Foundation Logo" → "Nzoka Kivuva Foundation nzoka kivuva favicon in Machakos County, Kenya"
[gallery.html] : "Gallery image" → "Nzoka Kivuva Foundation youth empowerment program in Machakos County, Kenya"
[gallery.html] nzoka-kivuva-favicon.webp: "Nzoka Kivuva Foundation" → "Nzoka Kivuva Foundation nzoka kivuva favicon in Machakos County, Kenya"
[get-involved.html] nzoka-kivuva-favicon.webp: "Nzoka Kivuva Foundation Logo" → "Nzoka Kivuva Foundation nzoka kivuva favicon in Machakos County, Kenya"
[get-involved.html] nzoka-kivuva-favicon.webp: "Nzoka Kivuva Foundation" → "Nzoka Kivuva Foundation nzoka kivuva favicon in Machakos County, Kenya"
[index.html] nzoka-kivuva-favicon.webp: "Nzoka Kivuva Foundation Logo" → "Nzoka Kivuva Foundation nzoka kivuva favicon in Machakos County, Kenya"
[index.html] WhatsApp%20Image%202026-07-14%20at%201.27.47%20PM.jpeg: "Youth playing sports in Machakos County – grassroots football and health programs" → "Nzoka Kivuva Foundation WhatsApp%Image% %at%..%PM in Machakos County, Kenya"
[index.html] nzoka12.webp: "Students receiving sports-linked scholarships in Machakos County – education support in Kenya" → "Nzoka Kivuva Foundation nzoka in Machakos County, Kenya"
[index.html] nzoka4.webp: "Youth leadership training and mentorship programs in Machakos County – developing leaders in Kenya" → "Nzoka Kivuva Foundation nzoka in Machakos County, Kenya"
[index.html] WhatsApp%20Image%202026-07-14%20at%201.31.27%20PM.jpeg: "Community development and inclusion programs in Machakos County – NGO community welfare Kenya" → "Nzoka Kivuva Foundation WhatsApp%Image% %at%..%PM in Machakos County, Kenya"
[index.html] WhatsApp%20Image%202026-07-14%20at%201.27.47%20PM.jpeg: "Mwala Under-17 football league tournament in Machakos County – grassroots sports development in Kenya" → "Nzoka Kivuva Foundation WhatsApp%Image% %at%..%PM in Machakos County, Kenya"
[index.html] nzoka1.webp: "Sports-linked scholarship award ceremony in Machakos County – education support in Kenya" → "Nzoka Kivuva Foundation nzoka in Machakos County, Kenya"
[index.html] WhatsApp%20Image%202026-07-14%20at%201.29.48%20PM.jpeg: "Life skills and wellness outreach in Kabaa, Machakos County – community development in Kenya" → "Nzoka Kivuva Foundation WhatsApp%Image% %at%..%PM in Machakos County, Kenya"
[index.html] WhatsApp%20Image%202026-07-14%20at%201.31.27%20PM.jpeg: "Coaches certification program in Mwala, Machakos County – sports development in Kenya" → "Nzoka Kivuva Foundation WhatsApp%Image% %at%..%PM in Machakos County, Kenya"
[index.html] ?name=James+Muia&background=064e3b&color=fff&size=80: "James Muia – parent in Mwala, Machakos County" → "Nzoka Kivuva Foundation ?name=James+Muia&background=eb&color=fff&size= in Machakos County, Kenya"
[index.html] ?name=Faith+Kavindu&background=064e3b&color=fff&size=80: "Faith Kavindu – County Sports Official in Machakos County" → "Nzoka Kivuva Foundation ?name=Faith+Kavindu&background=eb&color=fff&size= in Machakos County, Kenya"
[index.html] ?name=David+Musyoka&background=064e3b&color=fff&size=80: "David Musyoka – scholarship recipient in Kabaa, Machakos County" → "Nzoka Kivuva Foundation ?name=David+Musyoka&background=eb&color=fff&size= in Machakos County, Kenya"
[index.html] ?name=Grace+Mutua&background=064e3b&color=fff&size=80: "Grace Mutua – parent in Makutano, Machakos County" → "Nzoka Kivuva Foundation ?name=Grace+Mutua&background=eb&color=fff&size= in Machakos County, Kenya"
[index.html] ?name=Peter+Kilonzo&background=064e3b&color=fff&size=80: "Peter Kilonzo – Head Teacher in Mwala, Machakos County" → "Nzoka Kivuva Foundation ?name=Peter+Kilonzo&background=eb&color=fff&size= in Machakos County, Kenya"
[index.html] ?name=Mary+Ngila&background=064e3b&color=fff&size=80: "Mary Ngila – Community Leader in Kabaa, Machakos County" → "Nzoka Kivuva Foundation ?name=Mary+Ngila&background=eb&color=fff&size= in Machakos County, Kenya"
[index.html] ?name=Samuel+Kyalo&background=064e3b&color=fff&size=80: "Samuel Kyalo – Coach in Mwala, Machakos County" → "Nzoka Kivuva Foundation ?name=Samuel+Kyalo&background=eb&color=fff&size= in Machakos County, Kenya"
[index.html] nzoka-kivuva-favicon.webp: "Nzoka Kivuva Foundation" → "Nzoka Kivuva Foundation nzoka kivuva favicon in Machakos County, Kenya"
[invoice-request.html] nzoka-kivuva-favicon.webp: "Nzoka Kivuva Foundation Logo" → "Nzoka Kivuva Foundation nzoka kivuva favicon in Machakos County, Kenya"
[invoice-request.html] nzoka-kivuva-favicon.webp: "Nzoka Kivuva Foundation" → "Nzoka Kivuva Foundation nzoka kivuva favicon in Machakos County, Kenya"
[legal.html] nzoka-kivuva-favicon.webp: "Nzoka Kivuva Foundation Logo" → "Nzoka Kivuva Foundation nzoka kivuva favicon in Machakos County, Kenya"
[legal.html] nzoka-kivuva-favicon.webp: "Nzoka Kivuva Foundation" → "Nzoka Kivuva Foundation nzoka kivuva favicon in Machakos County, Kenya"
[news-blog-template.html] nzoka-kivuva-favicon.webp: "Nzoka Kivuva Foundation Logo" → "Nzoka Kivuva Foundation nzoka kivuva favicon in Machakos County, Kenya"
[news-blog-template.html] photo-xxxxxxxxxxxxx?w=400&h=250&fit=crop: "Article title" → "Nzoka Kivuva Foundation photo xxxxxxxxxxxxx?w=&h=&fit=crop in Machakos County, Kenya"
[news-blog-template.html] photo-xxxxxxxxxxxxx?w=400&h=250&fit=crop: "Article title" → "Nzoka Kivuva Foundation photo xxxxxxxxxxxxx?w=&h=&fit=crop in Machakos County, Kenya"
[news-blog-template.html] photo-xxxxxxxxxxxxx?w=400&h=250&fit=crop: "Article title" → "Nzoka Kivuva Foundation photo xxxxxxxxxxxxx?w=&h=&fit=crop in Machakos County, Kenya"
[news-blog-template.html] nzoka-kivuva-favicon.webp: "Nzoka Kivuva Foundation" → "Nzoka Kivuva Foundation nzoka kivuva favicon in Machakos County, Kenya"
[programs.html] nzoka-kivuva-favicon.webp: "Nzoka Kivuva Foundation Logo" → "Nzoka Kivuva Foundation nzoka kivuva favicon in Machakos County, Kenya"
[programs.html] WhatsApp%20Image%202026-07-14%20at%201.29.43%20PM.jpeg: "Youth participating in grassroots football training organized by Nzoka Kivuva Foundation in Machakos County, Kenya" → "Nzoka Kivuva Foundation WhatsApp%Image% %at%..%PM in Machakos County, Kenya"
[programs.html] nzoka-kivuva-favicon.webp: "Nzoka Kivuva Foundation" → "Nzoka Kivuva Foundation nzoka kivuva favicon in Machakos County, Kenya"
[48-students-receive-scholarships.html] nzoka-kivuva-favicon.webp: "Nzoka Kivuva Foundation Logo" → "Nzoka Kivuva Foundation nzoka kivuva favicon in Machakos County, Kenya"
[48-students-receive-scholarships.html] nzoka1.webp: "Scholarship award ceremony in Mwala, Machakos County" → "Nzoka Kivuva Foundation nzoka in Machakos County, Kenya"
[48-students-receive-scholarships.html] nzoka2.webp: "Students playing football in Machakos" → "Nzoka Kivuva Foundation nzoka in Machakos County, Kenya"
[48-students-receive-scholarships.html] nzoka3.webp: "Students studying in Machakos" → "Nzoka Kivuva Foundation nzoka in Machakos County, Kenya"
[48-students-receive-scholarships.html] nzoka4.webp: "Coaches training in Machakos" → "Nzoka Kivuva Foundation nzoka in Machakos County, Kenya"
[48-students-receive-scholarships.html] nzoka5.jpg: "Vocational training in Machakos" → "Nzoka Kivuva Foundation nzoka in Machakos County, Kenya"
[48-students-receive-scholarships.html] nzoka6.jpg: "Inter-school sports gala" → "Nzoka Kivuva Foundation nzoka in Machakos County, Kenya"
[48-students-receive-scholarships.html] nzoka-kivuva-favicon.webp: "Nzoka Kivuva Foundation" → "Nzoka Kivuva Foundation nzoka kivuva favicon in Machakos County, Kenya"
[education-bursaries-machakos.html] nzoka-kivuva-favicon.webp: "Nzoka Kivuva Foundation Logo" → "Nzoka Kivuva Foundation nzoka kivuva favicon in Machakos County, Kenya"
[education-bursaries-machakos.html] nzoka7.webp: "Students receiving scholarships at a ceremony in Mwala, Machakos County" → "Nzoka Kivuva Foundation nzoka in Machakos County, Kenya"
[education-bursaries-machakos.html] nzoka7.webp: "Students studying in a classroom in Machakos" → "Nzoka Kivuva Foundation nzoka in Machakos County, Kenya"
[education-bursaries-machakos.html] nzoka8.webp: "Students playing football at a partner school" → "Nzoka Kivuva Foundation nzoka in Machakos County, Kenya"
[education-bursaries-machakos.html] nzoka2.webp: "Scholarship ceremony" → "Nzoka Kivuva Foundation nzoka in Machakos County, Kenya"
[education-bursaries-machakos.html] : "Vocational training" → "Nzoka Kivuva Foundation youth empowerment program in Machakos County, Kenya"
[education-bursaries-machakos.html] nzoka13.webp: "Girls football" → "Nzoka Kivuva Foundation nzoka in Machakos County, Kenya"
[education-bursaries-machakos.html] nzoka-kivuva-favicon.webp: "Nzoka Kivuva Foundation" → "Nzoka Kivuva Foundation nzoka kivuva favicon in Machakos County, Kenya"
[financial-transparency-accountability-machakos.html] nzoka-kivuva-favicon.webp: "Nzoka Kivuva Foundation Logo" → "Nzoka Kivuva Foundation nzoka kivuva favicon in Machakos County, Kenya"
[financial-transparency-accountability-machakos.html] nzoka9.webp: "Financial transparency and reporting at the Nzoka Kivuva Foundation" → "Nzoka Kivuva Foundation nzoka in Machakos County, Kenya"
[financial-transparency-accountability-machakos.html] nzoka10.webp: "Community benefiting from transparent programs" → "Nzoka Kivuva Foundation nzoka in Machakos County, Kenya"
[financial-transparency-accountability-machakos.html] nzoka11.webp: "Students supported through scholarship programs" → "Nzoka Kivuva Foundation nzoka in Machakos County, Kenya"
[financial-transparency-accountability-machakos.html] nzoka12.webp: "Education bursaries" → "Nzoka Kivuva Foundation nzoka in Machakos County, Kenya"
[financial-transparency-accountability-machakos.html] nzoka13.webp: "Digital skills" → "Nzoka Kivuva Foundation nzoka in Machakos County, Kenya"
[financial-transparency-accountability-machakos.html] nzoka5.jpg: "Vocational training" → "Nzoka Kivuva Foundation nzoka in Machakos County, Kenya"
[financial-transparency-accountability-machakos.html] nzoka-kivuva-favicon.webp: "Nzoka Kivuva Foundation" → "Nzoka Kivuva Foundation nzoka kivuva favicon in Machakos County, Kenya"
[grassroots-talent-development-machakos.html] nzoka-kivuva-favicon.webp: "Nzoka Kivuva Foundation Logo" → "Nzoka Kivuva Foundation nzoka kivuva favicon in Machakos County, Kenya"
[grassroots-talent-development-machakos.html] nzoka10.webp: "Young athletes showcasing their talent at a grassroots sports tournament in Machakos County" → "Nzoka Kivuva Foundation nzoka in Machakos County, Kenya"
[grassroots-talent-development-machakos.html] nzoka11.webp: "Mentorship session with young athletes in Machakos" → "Nzoka Kivuva Foundation nzoka in Machakos County, Kenya"
[grassroots-talent-development-machakos.html] nzoka12.webp: "Training session at a grassroots sports academy" → "Nzoka Kivuva Foundation nzoka in Machakos County, Kenya"
[grassroots-talent-development-machakos.html] nzoka13.webp: "Mwala Under-17 League" → "Nzoka Kivuva Foundation nzoka in Machakos County, Kenya"
[grassroots-talent-development-machakos.html] WhatsApp%20Image%202026-07-14%20at%201.31.33%20PM.jpeg: "Coaches training" → "Nzoka Kivuva Foundation WhatsApp%Image% %at%..%PM in Machakos County, Kenya"
[grassroots-talent-development-machakos.html] nzoka3.webp: "Sports against drug abuse" → "Nzoka Kivuva Foundation nzoka in Machakos County, Kenya"
[health-wellness-outreach-makutano.html] nzoka-kivuva-favicon.webp: "Nzoka Kivuva Foundation Logo" → "Nzoka Kivuva Foundation nzoka kivuva favicon in Machakos County, Kenya"
[health-wellness-outreach-makutano.html] WhatsApp%20Image%202026-07-14%20at%201.29.47%20PM%20(1).jpeg: "Students receiving health screenings at a school in Makutano, Machakos County" → "Nzoka Kivuva Foundation WhatsApp%Image% %at%..%PM%() in Machakos County, Kenya"
[health-wellness-outreach-makutano.html] WhatsApp%20Image%202026-07-14%20at%201.29.47%20PM%20(2).jpeg: "Wellness activities and group discussions in Makutano" → "Nzoka Kivuva Foundation WhatsApp%Image% %at%..%PM%() in Machakos County, Kenya"
[health-wellness-outreach-makutano.html] nzoka9.webp: "Local health partners collaborating on the outreach" → "Nzoka Kivuva Foundation nzoka in Machakos County, Kenya"
[health-wellness-outreach-makutano.html] WhatsApp%20Image%202026-07-14%20at%201.31.27%20PM.jpeg: "Life skills camp" → "Nzoka Kivuva Foundation WhatsApp%Image% %at%..%PM in Machakos County, Kenya"
[health-wellness-outreach-makutano.html] WhatsApp%20Image%202026-07-14%20at%201.29.48%20PM%20(1).jpeg: "Girls football" → "Nzoka Kivuva Foundation WhatsApp%Image% %at%..%PM%() in Machakos County, Kenya"
[health-wellness-outreach-makutano.html] WhatsApp%20Image%202026-07-14%20at%201.31.10%20PM%20(1).jpeg: "Football pitch" → "Nzoka Kivuva Foundation WhatsApp%Image% %at%..%PM%() in Machakos County, Kenya"
[health-wellness-outreach-makutano.html] nzoka-kivuva-favicon.webp: "Nzoka Kivuva Foundation" → "Nzoka Kivuva Foundation nzoka kivuva favicon in Machakos County, Kenya"
[inter-school-sports-gala.html] nzoka-kivuva-favicon.webp: "Nzoka Kivuva Foundation Logo" → "Nzoka Kivuva Foundation nzoka kivuva favicon in Machakos County, Kenya"
[inter-school-sports-gala.html] WhatsApp%20Image%202026-07-14%20at%201.29.43%20PM.jpeg: "Opening ceremony of the Machakos Inter-School Sports Gala" → "Nzoka Kivuva Foundation WhatsApp%Image% %at%..%PM in Machakos County, Kenya"
[inter-school-sports-gala.html] WhatsApp%20Image%202026-07-14%20at%201.29.45%20PM%20(1).jpeg: "Football match at the gala" → "Nzoka Kivuva Foundation WhatsApp%Image% %at%..%PM%() in Machakos County, Kenya"
[inter-school-sports-gala.html] nzoka13.webp: "Athletics events at the gala" → "Nzoka Kivuva Foundation nzoka in Machakos County, Kenya"
[inter-school-sports-gala.html] WhatsApp%20Image%202026-07-14%20at%201.29.48%20PM%20(1).jpeg: "Girls football" → "Nzoka Kivuva Foundation WhatsApp%Image% %at%..%PM%() in Machakos County, Kenya"
[inter-school-sports-gala.html] nzoka1.webp: "Scholarships" → "Nzoka Kivuva Foundation nzoka in Machakos County, Kenya"
[inter-school-sports-gala.html] WhatsApp%20Image%202026-07-14%20at%201.31.27%20PM.jpeg: "Life skills camp" → "Nzoka Kivuva Foundation WhatsApp%Image% %at%..%PM in Machakos County, Kenya"
[inter-school-sports-gala.html] nzoka-kivuva-favicon.webp: "Nzoka Kivuva Foundation" → "Nzoka Kivuva Foundation nzoka kivuva favicon in Machakos County, Kenya"
[kabaa-life-skills-camp.html] nzoka-kivuva-favicon.webp: "Nzoka Kivuva Foundation Logo" → "Nzoka Kivuva Foundation nzoka kivuva favicon in Machakos County, Kenya"
[kabaa-life-skills-camp.html] WhatsApp%20Image%202026-07-14%20at%201.31.31%20PM%20(1).jpeg: "Young people participating in life skills activities at Kabaa camp" → "Nzoka Kivuva Foundation WhatsApp%Image% %at%..%PM%() in Machakos County, Kenya"
[kabaa-life-skills-camp.html] WhatsApp%20Image%202026-07-14%20at%201.31.32%20PM%20(1).jpeg: "Group discussion at Kabaa camp" → "Nzoka Kivuva Foundation WhatsApp%Image% %at%..%PM%() in Machakos County, Kenya"
[kabaa-life-skills-camp.html] nzoka8.webp: "Youth sharing their experiences" → "Nzoka Kivuva Foundation nzoka in Machakos County, Kenya"
[kabaa-life-skills-camp.html] WhatsApp%20Image%202026-07-14%20at%201.31.24%20PM%20(2).jpeg: "Health outreach" → "Nzoka Kivuva Foundation WhatsApp%Image% %at%..%PM%() in Machakos County, Kenya"
[kabaa-life-skills-camp.html] WhatsApp%20Image%202026-07-14%20at%201.29.48%20PM%20(1).jpeg: "Girls football" → "Nzoka Kivuva Foundation WhatsApp%Image% %at%..%PM%() in Machakos County, Kenya"
[kabaa-life-skills-camp.html] nzoka10.webp: "Vocational training" → "Nzoka Kivuva Foundation nzoka in Machakos County, Kenya"
[kabaa-life-skills-camp.html] nzoka-kivuva-favicon.webp: "Nzoka Kivuva Foundation" → "Nzoka Kivuva Foundation nzoka kivuva favicon in Machakos County, Kenya"
[machakos-girls-football-league.html] nzoka-kivuva-favicon.webp: "Nzoka Kivuva Foundation Logo" → "Nzoka Kivuva Foundation nzoka kivuva favicon in Machakos County, Kenya"
[machakos-girls-football-league.html] WhatsApp%20Image%202026-07-14%20at%201.29.49%20PM%20(1).jpeg: "Launch ceremony of the Machakos Girls" → "Nzoka Kivuva Foundation WhatsApp%Image% %at%..%PM%() in Machakos County, Kenya"
[machakos-girls-football-league.html] WhatsApp%20Image%202026-07-14%20at%201.29.48%20PM%20(2).jpeg: "Girls football match in Machakos" → "Nzoka Kivuva Foundation WhatsApp%Image% %at%..%PM%() in Machakos County, Kenya"
[machakos-girls-football-league.html] nzoka12.webp: "Girls celebrating their participation" → "Nzoka Kivuva Foundation nzoka in Machakos County, Kenya"
[machakos-girls-football-league.html] WhatsApp%20Image%202026-07-14%20at%201.31.27%20PM.jpeg: "Life skills camp" → "Nzoka Kivuva Foundation WhatsApp%Image% %at%..%PM in Machakos County, Kenya"
[machakos-girls-football-league.html] WhatsApp%20Image%202026-07-14%20at%201.31.33%20PM.jpeg: "Coaches training" → "Nzoka Kivuva Foundation WhatsApp%Image% %at%..%PM in Machakos County, Kenya"
[machakos-girls-football-league.html] WhatsApp%20Image%202026-07-14%20at%201.29.30%20PM.jpeg: "Sports gala" → "Nzoka Kivuva Foundation WhatsApp%Image% %at%..%PM in Machakos County, Kenya"
[machakos-girls-football-league.html] nzoka-kivuva-favicon.webp: "Nzoka Kivuva Foundation" → "Nzoka Kivuva Foundation nzoka kivuva favicon in Machakos County, Kenya"
[makutano-coaches-certification.html] nzoka-kivuva-favicon.webp: "Nzoka Kivuva Foundation Logo" → "Nzoka Kivuva Foundation nzoka kivuva favicon in Machakos County, Kenya"
[makutano-coaches-certification.html] WhatsApp%20Image%202026-07-14%20at%201.31.35%20PM.jpeg: "Coaches participating in the certification program in Makutano" → "Nzoka Kivuva Foundation WhatsApp%Image% %at%..%PM in Machakos County, Kenya"
[makutano-coaches-certification.html] WhatsApp%20Image%202026-07-14%20at%201.29.48%20PM.jpeg: "Coaches receiving their certificates" → "Nzoka Kivuva Foundation WhatsApp%Image% %at%..%PM in Machakos County, Kenya"
[makutano-coaches-certification.html] nzoka13.webp: "Coaches celebrating their achievement" → "Nzoka Kivuva Foundation nzoka in Machakos County, Kenya"
[makutano-coaches-certification.html] nzoka1.webp: "Scholarships" → "Nzoka Kivuva Foundation nzoka in Machakos County, Kenya"
[makutano-coaches-certification.html] WhatsApp%20Image%202026-07-14%20at%201.29.48%20PM%20(1).jpeg: "Girls football" → "Nzoka Kivuva Foundation WhatsApp%Image% %at%..%PM%() in Machakos County, Kenya"
[makutano-coaches-certification.html] WhatsApp%20Image%202026-07-14%20at%201.31.10%20PM%20(1).jpeg: "Football pitch" → "Nzoka Kivuva Foundation WhatsApp%Image% %at%..%PM%() in Machakos County, Kenya"
[makutano-coaches-certification.html] nzoka-kivuva-favicon.webp: "Nzoka Kivuva Foundation" → "Nzoka Kivuva Foundation nzoka kivuva favicon in Machakos County, Kenya"
[mentorship-career-guidance-machakos.html] nzoka-kivuva-favicon.webp: "Nzoka Kivuva Foundation Logo" → "Nzoka Kivuva Foundation nzoka kivuva favicon in Machakos County, Kenya"
[mentorship-career-guidance-machakos.html] nzoka13.webp: "Young people participating in a mentorship session in Machakos County" → "Nzoka Kivuva Foundation nzoka in Machakos County, Kenya"
[mentorship-career-guidance-machakos.html] nzoka1.webp: "Career workshop with young people in Machakos" → "Nzoka Kivuva Foundation nzoka in Machakos County, Kenya"
[mentorship-career-guidance-machakos.html] nzoka2.webp: "One-on-one mentorship session" → "Nzoka Kivuva Foundation nzoka in Machakos County, Kenya"
[mentorship-career-guidance-machakos.html] WhatsApp%20Image%202026-07-14%20at%201.31.27%20PM.jpeg: "Life skills camp" → "Nzoka Kivuva Foundation WhatsApp%Image% %at%..%PM in Machakos County, Kenya"
[mentorship-career-guidance-machakos.html] nzoka4.webp: "Scholarships" → "Nzoka Kivuva Foundation nzoka in Machakos County, Kenya"
[mentorship-career-guidance-machakos.html] nzoka7.webp: "Vocational training" → "Nzoka Kivuva Foundation nzoka in Machakos County, Kenya"
[mentorship-career-guidance-machakos.html] nzoka-kivuva-favicon.webp: "Nzoka Kivuva Foundation" → "Nzoka Kivuva Foundation nzoka kivuva favicon in Machakos County, Kenya"
[mwala-under-17-league.html] nzoka-kivuva-favicon.webp: "Nzoka Kivuva Foundation Logo" → "Nzoka Kivuva Foundation nzoka kivuva favicon in Machakos County, Kenya"
[mwala-under-17-league.html] WhatsApp%20Image%202026-07-14%20at%201.27.50%20PM.jpeg: "Opening ceremony of the Mwala Under-17 Football League" → "Nzoka Kivuva Foundation WhatsApp%Image% %at%..%PM in Machakos County, Kenya"
[mwala-under-17-league.html] WhatsApp%20Image%202026-07-14%20at%201.27.56%20PM.jpeg: "Match action at the Mwala Under-17 League" → "Nzoka Kivuva Foundation WhatsApp%Image% %at%..%PM in Machakos County, Kenya"
[mwala-under-17-league.html] nzoka13.webp: "Players celebrating a goal" → "Nzoka Kivuva Foundation nzoka in Machakos County, Kenya"
[mwala-under-17-league.html] WhatsApp%20Image%202026-07-14%20at%201.29.48%20PM%20(1).jpeg: "Girls football" → "Nzoka Kivuva Foundation WhatsApp%Image% %at%..%PM%() in Machakos County, Kenya"
[mwala-under-17-league.html] WhatsApp%20Image%202026-07-14%20at%201.31.33%20PM.jpeg: "Coaches training" → "Nzoka Kivuva Foundation WhatsApp%Image% %at%..%PM in Machakos County, Kenya"
[mwala-under-17-league.html] WhatsApp%20Image%202026-07-14%20at%201.29.30%20PM.jpeg: "Sports gala" → "Nzoka Kivuva Foundation WhatsApp%Image% %at%..%PM in Machakos County, Kenya"
[mwala-under-17-league.html] nzoka-kivuva-favicon.webp: "Nzoka Kivuva Foundation" → "Nzoka Kivuva Foundation nzoka kivuva favicon in Machakos County, Kenya"
[new-football-pitch-mwala.html] nzoka-kivuva-favicon.webp: "Nzoka Kivuva Foundation Logo" → "Nzoka Kivuva Foundation nzoka kivuva favicon in Machakos County, Kenya"
[new-football-pitch-mwala.html] WhatsApp%20Image%202026-07-14%20at%201.31.15%20PM.jpeg: "Inauguration of the new football pitch in Mwala" → "Nzoka Kivuva Foundation WhatsApp%Image% %at%..%PM in Machakos County, Kenya"
[new-football-pitch-mwala.html] WhatsApp%20Image%202026-07-14%20at%201.31.21%20PM.jpeg: "Youth playing on the new pitch" → "Nzoka Kivuva Foundation WhatsApp%Image% %at%..%PM in Machakos County, Kenya"
[new-football-pitch-mwala.html] nzoka8.webp: "Community celebration at the inauguration" → "Nzoka Kivuva Foundation nzoka in Machakos County, Kenya"
[new-football-pitch-mwala.html] WhatsApp%20Image%202026-07-14%20at%201.31.33%20PM.jpeg: "Coaches training" → "Nzoka Kivuva Foundation WhatsApp%Image% %at%..%PM in Machakos County, Kenya"
[new-football-pitch-mwala.html] nzoka10.webp: "Vocational training" → "Nzoka Kivuva Foundation nzoka in Machakos County, Kenya"
[new-football-pitch-mwala.html] WhatsApp%20Image%202026-07-14%20at%201.31.24%20PM%20(2).jpeg: "Health outreach" → "Nzoka Kivuva Foundation WhatsApp%Image% %at%..%PM%() in Machakos County, Kenya"
[new-football-pitch-mwala.html] nzoka-kivuva-favicon.webp: "Nzoka Kivuva Foundation" → "Nzoka Kivuva Foundation nzoka kivuva favicon in Machakos County, Kenya"
[remote-work-digital-economy-machakos.html] nzoka-kivuva-favicon.webp: "Nzoka Kivuva Foundation Logo" → "Nzoka Kivuva Foundation nzoka kivuva favicon in Machakos County, Kenya"
[remote-work-digital-economy-machakos.html] nzoka7.webp: "Young people learning digital skills at a tech hub in Machakos County" → "Nzoka Kivuva Foundation nzoka in Machakos County, Kenya"
[remote-work-digital-economy-machakos.html] nzoka8.webp: "Young people working on digital projects at a tech lab" → "Nzoka Kivuva Foundation nzoka in Machakos County, Kenya"
[remote-work-digital-economy-machakos.html] nzoka9.webp: "Tech lab graduation ceremony in Machakos" → "Nzoka Kivuva Foundation nzoka in Machakos County, Kenya"
[remote-work-digital-economy-machakos.html] nzoka10.webp: "Vocational training" → "Nzoka Kivuva Foundation nzoka in Machakos County, Kenya"
[remote-work-digital-economy-machakos.html] nzoka1.webp: "Scholarships" → "Nzoka Kivuva Foundation nzoka in Machakos County, Kenya"
[remote-work-digital-economy-machakos.html] WhatsApp%20Image%202026-07-14%20at%201.31.27%20PM.jpeg: "Life skills camp" → "Nzoka Kivuva Foundation WhatsApp%Image% %at%..%PM in Machakos County, Kenya"
[remote-work-digital-economy-machakos.html] nzoka-kivuva-favicon.webp: "Nzoka Kivuva Foundation" → "Nzoka Kivuva Foundation nzoka kivuva favicon in Machakos County, Kenya"
[sdg-youth-programs-machakos.html] nzoka-kivuva-favicon.webp: "Nzoka Kivuva Foundation Logo" → "Nzoka Kivuva Foundation nzoka kivuva favicon in Machakos County, Kenya"
[sdg-youth-programs-machakos.html] nzoka3.webp: "Youth empowerment and sustainable development in Machakos County" → "Nzoka Kivuva Foundation nzoka in Machakos County, Kenya"
[sdg-youth-programs-machakos.html] nzoka4.webp: "Quality education (SDG 4) through scholarships and mentorship" → "Nzoka Kivuva Foundation nzoka in Machakos County, Kenya"
[sdg-youth-programs-machakos.html] nzoka7.webp: "Decent work and economic growth (SDG 8) through vocational training" → "Nzoka Kivuva Foundation nzoka in Machakos County, Kenya"
[sdg-youth-programs-machakos.html] nzoka4.webp: "Education bursaries" → "Nzoka Kivuva Foundation nzoka in Machakos County, Kenya"
[sdg-youth-programs-machakos.html] nzoka7.webp: "Vocational training" → "Nzoka Kivuva Foundation nzoka in Machakos County, Kenya"
[sdg-youth-programs-machakos.html] nzoka6.jpg: "Digital skills" → "Nzoka Kivuva Foundation nzoka in Machakos County, Kenya"
[sdg-youth-programs-machakos.html] nzoka-kivuva-favicon.webp: "Nzoka Kivuva Foundation" → "Nzoka Kivuva Foundation nzoka kivuva favicon in Machakos County, Kenya"
[sports-against-drug-abuse-machakos.html] nzoka-kivuva-favicon.webp: "Nzoka Kivuva Foundation Logo" → "Nzoka Kivuva Foundation nzoka kivuva favicon in Machakos County, Kenya"
[sports-against-drug-abuse-machakos.html] WhatsApp%20Image%202026-07-14%20at%201.27.47%20PM.jpeg: "Youth playing football at a Machakos sports tournament" → "Nzoka Kivuva Foundation WhatsApp%Image% %at%..%PM in Machakos County, Kenya"
[sports-against-drug-abuse-machakos.html] WhatsApp%20Image%202026-07-14%20at%201.27.56%20PM.jpeg: "Youth celebrating after a match" → "Nzoka Kivuva Foundation WhatsApp%Image% %at%..%PM in Machakos County, Kenya"
[sports-against-drug-abuse-machakos.html] nzoka13.webp: "Community members supporting youth sports" → "Nzoka Kivuva Foundation nzoka in Machakos County, Kenya"
[sports-against-drug-abuse-machakos.html] WhatsApp%20Image%202026-07-14%20at%201.27.47%20PM.jpeg: "Mwala Under-17 League" → "Nzoka Kivuva Foundation WhatsApp%Image% %at%..%PM in Machakos County, Kenya"
[sports-against-drug-abuse-machakos.html] WhatsApp%20Image%202026-07-14%20at%201.31.33%20PM.jpeg: "Coaches training" → "Nzoka Kivuva Foundation WhatsApp%Image% %at%..%PM in Machakos County, Kenya"
[sports-against-drug-abuse-machakos.html] WhatsApp%20Image%202026-07-14%20at%201.29.30%20PM.jpeg: "Sports gala" → "Nzoka Kivuva Foundation WhatsApp%Image% %at%..%PM in Machakos County, Kenya"
[sports-against-drug-abuse-machakos.html] nzoka-kivuva-favicon.webp: "Nzoka Kivuva Foundation" → "Nzoka Kivuva Foundation nzoka kivuva favicon in Machakos County, Kenya"
[vocational-training-kabaa.html] nzoka-kivuva-favicon.webp: "Nzoka Kivuva Foundation Logo" → "Nzoka Kivuva Foundation nzoka kivuva favicon in Machakos County, Kenya"
[vocational-training-kabaa.html] nzoka11.webp: "Vocational training session in Kabaa, Machakos County" → "Nzoka Kivuva Foundation nzoka in Machakos County, Kenya"
[vocational-training-kabaa.html] nzoka12.webp: "Tailoring and fashion design training in Kabaa" → "Nzoka Kivuva Foundation nzoka in Machakos County, Kenya"
[vocational-training-kabaa.html] nzoka13.webp: "Agribusiness training in Kabaa" → "Nzoka Kivuva Foundation nzoka in Machakos County, Kenya"
[vocational-training-kabaa.html] nzoka1.webp: "Scholarships" → "Nzoka Kivuva Foundation nzoka in Machakos County, Kenya"
[vocational-training-kabaa.html] WhatsApp%20Image%202026-07-14%20at%201.31.27%20PM.jpeg: "Life skills camp" → "Nzoka Kivuva Foundation WhatsApp%Image% %at%..%PM in Machakos County, Kenya"
[vocational-training-kabaa.html] WhatsApp%20Image%202026-07-14%20at%201.31.10%20PM%20(1).jpeg: "Football pitch" → "Nzoka Kivuva Foundation WhatsApp%Image% %at%..%PM%() in Machakos County, Kenya"
[vocational-training-kabaa.html] nzoka-kivuva-favicon.webp: "Nzoka Kivuva Foundation" → "Nzoka Kivuva Foundation nzoka kivuva favicon in Machakos County, Kenya"
[vocational-training-key-to-employment-machakos.html] nzoka-kivuva-favicon.webp: "Nzoka Kivuva Foundation Logo" → "Nzoka Kivuva Foundation nzoka kivuva favicon in Machakos County, Kenya"
[vocational-training-key-to-employment-machakos.html] nzoka10.webp: "Youth participating in vocational training at a workshop in Machakos County" → "Nzoka Kivuva Foundation nzoka in Machakos County, Kenya"
[vocational-training-key-to-employment-machakos.html] nzoka11.webp: "Tailoring and fashion design training in Machakos County" → "Nzoka Kivuva Foundation nzoka in Machakos County, Kenya"
[vocational-training-key-to-employment-machakos.html] nzoka12.webp: "Agribusiness training in Machakos County" → "Nzoka Kivuva Foundation nzoka in Machakos County, Kenya"
[vocational-training-key-to-employment-machakos.html] nzoka10.webp: "Vocational training" → "Nzoka Kivuva Foundation nzoka in Machakos County, Kenya"
[vocational-training-key-to-employment-machakos.html] nzoka1.webp: "Scholarships" → "Nzoka Kivuva Foundation nzoka in Machakos County, Kenya"
[vocational-training-key-to-employment-machakos.html] nzoka6.jpg: "Digital skills" → "Nzoka Kivuva Foundation nzoka in Machakos County, Kenya"
[vocational-training-key-to-employment-machakos.html] nzoka-kivuva-favicon.webp: "Nzoka Kivuva Foundation" → "Nzoka Kivuva Foundation nzoka kivuva favicon in Machakos County, Kenya"
[youth-civic-engagement-governance-machakos.html] nzoka-kivuva-favicon.webp: "Nzoka Kivuva Foundation Logo" → "Nzoka Kivuva Foundation nzoka kivuva favicon in Machakos County, Kenya"
[youth-civic-engagement-governance-machakos.html] nzoka10.webp: "Young people participating in a community development meeting in Machakos County" → "Nzoka Kivuva Foundation nzoka in Machakos County, Kenya"
[youth-civic-engagement-governance-machakos.html] nzoka11.webp: "Young people participating in an advocacy skills training workshop" → "Nzoka Kivuva Foundation nzoka in Machakos County, Kenya"
[youth-civic-engagement-governance-machakos.html] nzoka12.webp: "Youth presenting their ideas to community leaders and decision-makers" → "Nzoka Kivuva Foundation nzoka in Machakos County, Kenya"
[youth-civic-engagement-governance-machakos.html] WhatsApp%20Image%202026-07-14%20at%201.29.30%20PM.jpeg: "Sports gala" → "Nzoka Kivuva Foundation WhatsApp%Image% %at%..%PM in Machakos County, Kenya"
[youth-civic-engagement-governance-machakos.html] nzoka3.webp: "Sports against drug abuse" → "Nzoka Kivuva Foundation nzoka in Machakos County, Kenya"
[youth-civic-engagement-governance-machakos.html] nzoka12.webp: "Mentorship" → "Nzoka Kivuva Foundation nzoka in Machakos County, Kenya"
[youth-civic-engagement-governance-machakos.html] nzoka-kivuva-favicon.webp: "Nzoka Kivuva Foundation" → "Nzoka Kivuva Foundation nzoka kivuva favicon in Machakos County, Kenya"